0 info it worked if it ends with ok
1 verbose cli [ '/usr/local/bin/node',
1 verbose cli   '/usr/local/bin/npm',
1 verbose cli   'install',
1 verbose cli   '--save',
1 verbose cli   'jade' ]
2 info using npm@2.14.7
3 info using node@v4.2.2
4 verbose install initial load of /Users/thibbard/Documents/desktop backup/dev/nodeTest1/package.json
5 warn package.json imageboilerplate@0.0.1 No repository field.
6 warn package.json imageboilerplate@0.0.1 No README data
7 verbose installManyTop reading scoped package data from /Users/thibbard/Documents/desktop backup/dev/nodeTest1/node_modules/JSONStream/package.json
8 verbose installManyTop reading scoped package data from /Users/thibbard/Documents/desktop backup/dev/nodeTest1/node_modules/abbrev/package.json
9 verbose installManyTop reading scoped package data from /Users/thibbard/Documents/desktop backup/dev/nodeTest1/node_modules/accepts/package.json
10 verbose installManyTop reading scoped package data from /Users/thibbard/Documents/desktop backup/dev/nodeTest1/node_modules/align-text/package.json
11 verbose installManyTop reading scoped package data from /Users/thibbard/Documents/desktop backup/dev/nodeTest1/node_modules/amdefine/package.json
12 verbose installManyTop reading scoped package data from /Users/thibbard/Documents/desktop backup/dev/nodeTest1/node_modules/ansi-escape-sequences/package.json
13 verbose installManyTop reading scoped package data from /Users/thibbard/Documents/desktop backup/dev/nodeTest1/node_modules/ansi-regex/package.json
14 verbose installManyTop reading scoped package data from /Users/thibbard/Documents/desktop backup/dev/nodeTest1/node_modules/ansi-styles/package.json
15 verbose installManyTop reading scoped package data from /Users/thibbard/Documents/desktop backup/dev/nodeTest1/node_modules/archy/package.json
16 verbose installManyTop reading scoped package data from /Users/thibbard/Documents/desktop backup/dev/nodeTest1/node_modules/array-back/package.json
17 verbose installManyTop reading scoped package data from /Users/thibbard/Documents/desktop backup/dev/nodeTest1/node_modules/array-differ/package.json
18 verbose installManyTop reading scoped package data from /Users/thibbard/Documents/desktop backup/dev/nodeTest1/node_modules/array-flatten/package.json
19 verbose installManyTop reading scoped package data from /Users/thibbard/Documents/desktop backup/dev/nodeTest1/node_modules/array-tools/package.json
20 verbose installManyTop reading scoped package data from /Users/thibbard/Documents/desktop backup/dev/nodeTest1/node_modules/array-union/package.json
21 verbose installManyTop reading scoped package data from /Users/thibbard/Documents/desktop backup/dev/nodeTest1/node_modules/array-uniq/package.json
22 verbose installManyTop reading scoped package data from /Users/thibbard/Documents/desktop backup/dev/nodeTest1/node_modules/async/package.json
23 verbose installManyTop reading scoped package data from /Users/thibbard/Documents/desktop backup/dev/nodeTest1/node_modules/balanced-match/package.json
24 verbose installManyTop reading scoped package data from /Users/thibbard/Documents/desktop backup/dev/nodeTest1/node_modules/basic-auth/package.json
25 verbose installManyTop reading scoped package data from /Users/thibbard/Documents/desktop backup/dev/nodeTest1/node_modules/basic-auth-connect/package.json
26 verbose installManyTop reading scoped package data from /Users/thibbard/Documents/desktop backup/dev/nodeTest1/node_modules/batch/package.json
27 verbose installManyTop reading scoped package data from /Users/thibbard/Documents/desktop backup/dev/nodeTest1/node_modules/beeper/package.json
28 verbose installManyTop reading scoped package data from /Users/thibbard/Documents/desktop backup/dev/nodeTest1/node_modules/body-parser/package.json
29 verbose installManyTop reading scoped package data from /Users/thibbard/Documents/desktop backup/dev/nodeTest1/node_modules/bower-config/package.json
30 verbose installManyTop reading scoped package data from /Users/thibbard/Documents/desktop backup/dev/nodeTest1/node_modules/brace-expansion/package.json
31 verbose installManyTop reading scoped package data from /Users/thibbard/Documents/desktop backup/dev/nodeTest1/node_modules/buffer-crc32/package.json
32 verbose installManyTop reading scoped package data from /Users/thibbard/Documents/desktop backup/dev/nodeTest1/node_modules/bufferstreams/package.json
33 verbose installManyTop reading scoped package data from /Users/thibbard/Documents/desktop backup/dev/nodeTest1/node_modules/builtin-modules/package.json
34 verbose installManyTop reading scoped package data from /Users/thibbard/Documents/desktop backup/dev/nodeTest1/node_modules/byte-size/package.json
35 verbose installManyTop reading scoped package data from /Users/thibbard/Documents/desktop backup/dev/nodeTest1/node_modules/bytes/package.json
36 verbose installManyTop reading scoped package data from /Users/thibbard/Documents/desktop backup/dev/nodeTest1/node_modules/camelcase/package.json
37 verbose installManyTop reading scoped package data from /Users/thibbard/Documents/desktop backup/dev/nodeTest1/node_modules/camelcase-keys/package.json
38 verbose installManyTop reading scoped package data from /Users/thibbard/Documents/desktop backup/dev/nodeTest1/node_modules/center-align/package.json
39 verbose installManyTop reading scoped package data from /Users/thibbard/Documents/desktop backup/dev/nodeTest1/node_modules/chalk/package.json
40 verbose installManyTop reading scoped package data from /Users/thibbard/Documents/desktop backup/dev/nodeTest1/node_modules/clean-css/package.json
41 verbose installManyTop reading scoped package data from /Users/thibbard/Documents/desktop backup/dev/nodeTest1/node_modules/cliui/package.json
42 verbose installManyTop reading scoped package data from /Users/thibbard/Documents/desktop backup/dev/nodeTest1/node_modules/clone/package.json
43 verbose installManyTop reading scoped package data from /Users/thibbard/Documents/desktop backup/dev/nodeTest1/node_modules/clone-stats/package.json
44 verbose installManyTop reading scoped package data from /Users/thibbard/Documents/desktop backup/dev/nodeTest1/node_modules/collect-all/package.json
45 verbose installManyTop reading scoped package data from /Users/thibbard/Documents/desktop backup/dev/nodeTest1/node_modules/collect-json/package.json
46 verbose installManyTop reading scoped package data from /Users/thibbard/Documents/desktop backup/dev/nodeTest1/node_modules/colors/package.json
47 verbose installManyTop reading scoped package data from /Users/thibbard/Documents/desktop backup/dev/nodeTest1/node_modules/column-layout/package.json
48 verbose installManyTop reading scoped package data from /Users/thibbard/Documents/desktop backup/dev/nodeTest1/node_modules/command-line-args/package.json
49 verbose installManyTop reading scoped package data from /Users/thibbard/Documents/desktop backup/dev/nodeTest1/node_modules/command-line-usage/package.json
50 verbose installManyTop reading scoped package data from /Users/thibbard/Documents/desktop backup/dev/nodeTest1/node_modules/commander/package.json
51 verbose installManyTop reading scoped package data from /Users/thibbard/Documents/desktop backup/dev/nodeTest1/node_modules/common-log-format/package.json
52 verbose installManyTop reading scoped package data from /Users/thibbard/Documents/desktop backup/dev/nodeTest1/node_modules/compressible/package.json
53 verbose installManyTop reading scoped package data from /Users/thibbard/Documents/desktop backup/dev/nodeTest1/node_modules/compression/package.json
54 verbose installManyTop reading scoped package data from /Users/thibbard/Documents/desktop backup/dev/nodeTest1/node_modules/concat-map/package.json
55 verbose installManyTop reading scoped package data from /Users/thibbard/Documents/desktop backup/dev/nodeTest1/node_modules/concat-with-sourcemaps/package.json
56 verbose installManyTop reading scoped package data from /Users/thibbard/Documents/desktop backup/dev/nodeTest1/node_modules/config-chain/package.json
57 verbose installManyTop reading scoped package data from /Users/thibbard/Documents/desktop backup/dev/nodeTest1/node_modules/config-master/package.json
58 verbose installManyTop reading scoped package data from /Users/thibbard/Documents/desktop backup/dev/nodeTest1/node_modules/connect/package.json
59 verbose installManyTop reading scoped package data from /Users/thibbard/Documents/desktop backup/dev/nodeTest1/node_modules/connect-livereload/package.json
60 verbose installManyTop reading scoped package data from /Users/thibbard/Documents/desktop backup/dev/nodeTest1/node_modules/connect-timeout/package.json
61 verbose installManyTop reading scoped package data from /Users/thibbard/Documents/desktop backup/dev/nodeTest1/node_modules/console-dope/package.json
62 verbose installManyTop reading scoped package data from /Users/thibbard/Documents/desktop backup/dev/nodeTest1/node_modules/content-disposition/package.json
63 verbose installManyTop reading scoped package data from /Users/thibbard/Documents/desktop backup/dev/nodeTest1/node_modules/content-type/package.json
64 verbose installManyTop reading scoped package data from /Users/thibbard/Documents/desktop backup/dev/nodeTest1/node_modules/convert-source-map/package.json
65 verbose installManyTop reading scoped package data from /Users/thibbard/Documents/desktop backup/dev/nodeTest1/node_modules/cookie/package.json
66 verbose installManyTop reading scoped package data from /Users/thibbard/Documents/desktop backup/dev/nodeTest1/node_modules/cookie-parser/package.json
67 verbose installManyTop reading scoped package data from /Users/thibbard/Documents/desktop backup/dev/nodeTest1/node_modules/cookie-signature/package.json
68 verbose installManyTop reading scoped package data from /Users/thibbard/Documents/desktop backup/dev/nodeTest1/node_modules/core-js/package.json
69 verbose installManyTop reading scoped package data from /Users/thibbard/Documents/desktop backup/dev/nodeTest1/node_modules/core-util-is/package.json
70 verbose installManyTop reading scoped package data from /Users/thibbard/Documents/desktop backup/dev/nodeTest1/node_modules/cors/package.json
71 verbose installManyTop reading scoped package data from /Users/thibbard/Documents/desktop backup/dev/nodeTest1/node_modules/cross-spawn-async/package.json
72 verbose installManyTop reading scoped package data from /Users/thibbard/Documents/desktop backup/dev/nodeTest1/node_modules/csurf/package.json
73 verbose installManyTop reading scoped package data from /Users/thibbard/Documents/desktop backup/dev/nodeTest1/node_modules/dargs/package.json
74 verbose installManyTop reading scoped package data from /Users/thibbard/Documents/desktop backup/dev/nodeTest1/node_modules/dateformat/package.json
75 verbose installManyTop reading scoped package data from /Users/thibbard/Documents/desktop backup/dev/nodeTest1/node_modules/deap/package.json
76 verbose installManyTop reading scoped package data from /Users/thibbard/Documents/desktop backup/dev/nodeTest1/node_modules/debug/package.json
77 verbose installManyTop reading scoped package data from /Users/thibbard/Documents/desktop backup/dev/nodeTest1/node_modules/decamelize/package.json
78 verbose installManyTop reading scoped package data from /Users/thibbard/Documents/desktop backup/dev/nodeTest1/node_modules/deep-extend/package.json
79 verbose installManyTop reading scoped package data from /Users/thibbard/Documents/desktop backup/dev/nodeTest1/node_modules/defaults/package.json
80 verbose installManyTop reading scoped package data from /Users/thibbard/Documents/desktop backup/dev/nodeTest1/node_modules/depd/package.json
81 verbose installManyTop reading scoped package data from /Users/thibbard/Documents/desktop backup/dev/nodeTest1/node_modules/deprecated/package.json
82 verbose installManyTop reading scoped package data from /Users/thibbard/Documents/desktop backup/dev/nodeTest1/node_modules/destroy/package.json
83 verbose installManyTop reading scoped package data from /Users/thibbard/Documents/desktop backup/dev/nodeTest1/node_modules/duplexer/package.json
84 verbose installManyTop reading scoped package data from /Users/thibbard/Documents/desktop backup/dev/nodeTest1/node_modules/duplexer2/package.json
85 verbose installManyTop reading scoped package data from /Users/thibbard/Documents/desktop backup/dev/nodeTest1/node_modules/duplexify/package.json
86 verbose installManyTop reading scoped package data from /Users/thibbard/Documents/desktop backup/dev/nodeTest1/node_modules/each-async/package.json
87 verbose installManyTop reading scoped package data from /Users/thibbard/Documents/desktop backup/dev/nodeTest1/node_modules/ee-first/package.json
88 verbose installManyTop reading scoped package data from /Users/thibbard/Documents/desktop backup/dev/nodeTest1/node_modules/end-of-stream/package.json
89 verbose installManyTop reading scoped package data from /Users/thibbard/Documents/desktop backup/dev/nodeTest1/node_modules/error-ex/package.json
90 verbose installManyTop reading scoped package data from /Users/thibbard/Documents/desktop backup/dev/nodeTest1/node_modules/errorhandler/package.json
91 verbose installManyTop reading scoped package data from /Users/thibbard/Documents/desktop backup/dev/nodeTest1/node_modules/escape-html/package.json
92 verbose installManyTop reading scoped package data from /Users/thibbard/Documents/desktop backup/dev/nodeTest1/node_modules/escape-string-regexp/package.json
93 verbose installManyTop reading scoped package data from /Users/thibbard/Documents/desktop backup/dev/nodeTest1/node_modules/esprima/package.json
94 verbose installManyTop reading scoped package data from /Users/thibbard/Documents/desktop backup/dev/nodeTest1/node_modules/estraverse/package.json
95 verbose installManyTop reading scoped package data from /Users/thibbard/Documents/desktop backup/dev/nodeTest1/node_modules/etag/package.json
96 verbose installManyTop reading scoped package data from /Users/thibbard/Documents/desktop backup/dev/nodeTest1/node_modules/event-stream/package.json
97 verbose installManyTop reading scoped package data from /Users/thibbard/Documents/desktop backup/dev/nodeTest1/node_modules/express/package.json
98 verbose installManyTop reading scoped package data from /Users/thibbard/Documents/desktop backup/dev/nodeTest1/node_modules/express-session/package.json
99 verbose installManyTop reading scoped package data from /Users/thibbard/Documents/desktop backup/dev/nodeTest1/node_modules/extend/package.json
100 verbose installManyTop reading scoped package data from /Users/thibbard/Documents/desktop backup/dev/nodeTest1/node_modules/fancy-log/package.json
101 verbose installManyTop reading scoped package data from /Users/thibbard/Documents/desktop backup/dev/nodeTest1/node_modules/faye-websocket/package.json
102 verbose installManyTop reading scoped package data from /Users/thibbard/Documents/desktop backup/dev/nodeTest1/node_modules/feature-detect-es6/package.json
103 verbose installManyTop reading scoped package data from /Users/thibbard/Documents/desktop backup/dev/nodeTest1/node_modules/finalhandler/package.json
104 verbose installManyTop reading scoped package data from /Users/thibbard/Documents/desktop backup/dev/nodeTest1/node_modules/find-index/package.json
105 verbose installManyTop reading scoped package data from /Users/thibbard/Documents/desktop backup/dev/nodeTest1/node_modules/find-replace/package.json
106 verbose installManyTop reading scoped package data from /Users/thibbard/Documents/desktop backup/dev/nodeTest1/node_modules/find-up/package.json
107 verbose installManyTop reading scoped package data from /Users/thibbard/Documents/desktop backup/dev/nodeTest1/node_modules/findup-sync/package.json
108 verbose installManyTop reading scoped package data from /Users/thibbard/Documents/desktop backup/dev/nodeTest1/node_modules/first-chunk-stream/package.json
109 verbose installManyTop reading scoped package data from /Users/thibbard/Documents/desktop backup/dev/nodeTest1/node_modules/flagged-respawn/package.json
110 verbose installManyTop reading scoped package data from /Users/thibbard/Documents/desktop backup/dev/nodeTest1/node_modules/forwarded/package.json
111 verbose installManyTop reading scoped package data from /Users/thibbard/Documents/desktop backup/dev/nodeTest1/node_modules/fresh/package.json
112 verbose installManyTop reading scoped package data from /Users/thibbard/Documents/desktop backup/dev/nodeTest1/node_modules/from/package.json
113 verbose installManyTop reading scoped package data from /Users/thibbard/Documents/desktop backup/dev/nodeTest1/node_modules/fs-extra/package.json
114 verbose installManyTop reading scoped package data from /Users/thibbard/Documents/desktop backup/dev/nodeTest1/node_modules/function-tools/package.json
115 verbose installManyTop reading scoped package data from /Users/thibbard/Documents/desktop backup/dev/nodeTest1/node_modules/gaze/package.json
116 verbose installManyTop reading scoped package data from /Users/thibbard/Documents/desktop backup/dev/nodeTest1/node_modules/get-stdin/package.json
117 verbose installManyTop reading scoped package data from /Users/thibbard/Documents/desktop backup/dev/nodeTest1/node_modules/glob/package.json
118 verbose installManyTop reading scoped package data from /Users/thibbard/Documents/desktop backup/dev/nodeTest1/node_modules/glob-stream/package.json
119 verbose installManyTop reading scoped package data from /Users/thibbard/Documents/desktop backup/dev/nodeTest1/node_modules/glob-watcher/package.json
120 verbose installManyTop reading scoped package data from /Users/thibbard/Documents/desktop backup/dev/nodeTest1/node_modules/glob2base/package.json
121 verbose installManyTop reading scoped package data from /Users/thibbard/Documents/desktop backup/dev/nodeTest1/node_modules/globule/package.json
122 verbose installManyTop reading scoped package data from /Users/thibbard/Documents/desktop backup/dev/nodeTest1/node_modules/glogg/package.json
123 verbose installManyTop reading scoped package data from /Users/thibbard/Documents/desktop backup/dev/nodeTest1/node_modules/graceful-fs/package.json
124 verbose installManyTop reading scoped package data from /Users/thibbard/Documents/desktop backup/dev/nodeTest1/node_modules/graceful-readlink/package.json
125 verbose installManyTop reading scoped package data from /Users/thibbard/Documents/desktop backup/dev/nodeTest1/node_modules/gulp/package.json
126 verbose installManyTop reading scoped package data from /Users/thibbard/Documents/desktop backup/dev/nodeTest1/node_modules/gulp-angular-filesort/package.json
127 verbose installManyTop reading scoped package data from /Users/thibbard/Documents/desktop backup/dev/nodeTest1/node_modules/gulp-concat/package.json
128 verbose installManyTop reading scoped package data from /Users/thibbard/Documents/desktop backup/dev/nodeTest1/node_modules/gulp-connect/package.json
129 verbose installManyTop reading scoped package data from /Users/thibbard/Documents/desktop backup/dev/nodeTest1/node_modules/gulp-inject/package.json
130 verbose installManyTop reading scoped package data from /Users/thibbard/Documents/desktop backup/dev/nodeTest1/node_modules/gulp-load-plugins/package.json
131 verbose installManyTop reading scoped package data from /Users/thibbard/Documents/desktop backup/dev/nodeTest1/node_modules/gulp-minify-css/package.json
132 verbose installManyTop reading scoped package data from /Users/thibbard/Documents/desktop backup/dev/nodeTest1/node_modules/gulp-open/package.json
133 verbose installManyTop reading scoped package data from /Users/thibbard/Documents/desktop backup/dev/nodeTest1/node_modules/gulp-rename/package.json
134 verbose installManyTop reading scoped package data from /Users/thibbard/Documents/desktop backup/dev/nodeTest1/node_modules/gulp-ruby-sass/package.json
135 verbose installManyTop reading scoped package data from /Users/thibbard/Documents/desktop backup/dev/nodeTest1/node_modules/gulp-shell/package.json
136 verbose installManyTop reading scoped package data from /Users/thibbard/Documents/desktop backup/dev/nodeTest1/node_modules/gulp-uglify/package.json
137 verbose installManyTop reading scoped package data from /Users/thibbard/Documents/desktop backup/dev/nodeTest1/node_modules/gulp-util/package.json
138 verbose installManyTop reading scoped package data from /Users/thibbard/Documents/desktop backup/dev/nodeTest1/node_modules/gulplog/package.json
139 verbose installManyTop reading scoped package data from /Users/thibbard/Documents/desktop backup/dev/nodeTest1/node_modules/has-ansi/package.json
140 verbose installManyTop reading scoped package data from /Users/thibbard/Documents/desktop backup/dev/nodeTest1/node_modules/has-gulplog/package.json
141 verbose installManyTop reading scoped package data from /Users/thibbard/Documents/desktop backup/dev/nodeTest1/node_modules/home-path/package.json
142 verbose installManyTop reading scoped package data from /Users/thibbard/Documents/desktop backup/dev/nodeTest1/node_modules/hosted-git-info/package.json
143 verbose installManyTop reading scoped package data from /Users/thibbard/Documents/desktop backup/dev/nodeTest1/node_modules/http/package.json
144 verbose installManyTop reading scoped package data from /Users/thibbard/Documents/desktop backup/dev/nodeTest1/node_modules/http-errors/package.json
145 verbose installManyTop reading scoped package data from /Users/thibbard/Documents/desktop backup/dev/nodeTest1/node_modules/image-size/package.json
146 verbose installManyTop reading scoped package data from /Users/thibbard/Documents/desktop backup/dev/nodeTest1/node_modules/indent-string/package.json
147 verbose installManyTop reading scoped package data from /Users/thibbard/Documents/desktop backup/dev/nodeTest1/node_modules/inflight/package.json
148 verbose installManyTop reading scoped package data from /Users/thibbard/Documents/desktop backup/dev/nodeTest1/node_modules/inherits/package.json
149 verbose installManyTop reading scoped package data from /Users/thibbard/Documents/desktop backup/dev/nodeTest1/node_modules/ini/package.json
150 verbose installManyTop reading scoped package data from /Users/thibbard/Documents/desktop backup/dev/nodeTest1/node_modules/interpret/package.json
151 verbose installManyTop reading scoped package data from /Users/thibbard/Documents/desktop backup/dev/nodeTest1/node_modules/ipaddr.js/package.json
152 verbose installManyTop reading scoped package data from /Users/thibbard/Documents/desktop backup/dev/nodeTest1/node_modules/is-absolute/package.json
153 verbose installManyTop reading scoped package data from /Users/thibbard/Documents/desktop backup/dev/nodeTest1/node_modules/is-arrayish/package.json
154 verbose installManyTop reading scoped package data from /Users/thibbard/Documents/desktop backup/dev/nodeTest1/node_modules/is-buffer/package.json
155 verbose installManyTop reading scoped package data from /Users/thibbard/Documents/desktop backup/dev/nodeTest1/node_modules/is-builtin-module/package.json
156 verbose installManyTop reading scoped package data from /Users/thibbard/Documents/desktop backup/dev/nodeTest1/node_modules/is-finite/package.json
157 verbose installManyTop reading scoped package data from /Users/thibbard/Documents/desktop backup/dev/nodeTest1/node_modules/is-relative/package.json
158 verbose installManyTop reading scoped package data from /Users/thibbard/Documents/desktop backup/dev/nodeTest1/node_modules/is-utf8/package.json
159 verbose installManyTop reading scoped package data from /Users/thibbard/Documents/desktop backup/dev/nodeTest1/node_modules/isarray/package.json
160 verbose installManyTop reading scoped package data from /Users/thibbard/Documents/desktop backup/dev/nodeTest1/node_modules/isobject/package.json
161 verbose installManyTop reading scoped package data from /Users/thibbard/Documents/desktop backup/dev/nodeTest1/node_modules/js-beautify/package.json
162 verbose installManyTop reading scoped package data from /Users/thibbard/Documents/desktop backup/dev/nodeTest1/node_modules/jshint/package.json
163 verbose installManyTop reading scoped package data from /Users/thibbard/Documents/desktop backup/dev/nodeTest1/node_modules/jsonfile/package.json
164 verbose installManyTop reading scoped package data from /Users/thibbard/Documents/desktop backup/dev/nodeTest1/node_modules/jsonparse/package.json
165 verbose installManyTop reading scoped package data from /Users/thibbard/Documents/desktop backup/dev/nodeTest1/node_modules/kind-of/package.json
166 verbose installManyTop reading scoped package data from /Users/thibbard/Documents/desktop backup/dev/nodeTest1/node_modules/klaw/package.json
167 verbose installManyTop reading scoped package data from /Users/thibbard/Documents/desktop backup/dev/nodeTest1/node_modules/lazy-cache/package.json
168 verbose installManyTop reading scoped package data from /Users/thibbard/Documents/desktop backup/dev/nodeTest1/node_modules/liftoff/package.json
169 verbose installManyTop reading scoped package data from /Users/thibbard/Documents/desktop backup/dev/nodeTest1/node_modules/load-json-file/package.json
170 verbose installManyTop reading scoped package data from /Users/thibbard/Documents/desktop backup/dev/nodeTest1/node_modules/local-web-server/package.json
171 verbose installManyTop reading scoped package data from /Users/thibbard/Documents/desktop backup/dev/nodeTest1/node_modules/lodash/package.json
172 verbose installManyTop reading scoped package data from /Users/thibbard/Documents/desktop backup/dev/nodeTest1/node_modules/lodash._basecopy/package.json
173 verbose installManyTop reading scoped package data from /Users/thibbard/Documents/desktop backup/dev/nodeTest1/node_modules/lodash._basetostring/package.json
174 verbose installManyTop reading scoped package data from /Users/thibbard/Documents/desktop backup/dev/nodeTest1/node_modules/lodash._basevalues/package.json
175 verbose installManyTop reading scoped package data from /Users/thibbard/Documents/desktop backup/dev/nodeTest1/node_modules/lodash._escapehtmlchar/package.json
176 verbose installManyTop reading scoped package data from /Users/thibbard/Documents/desktop backup/dev/nodeTest1/node_modules/lodash._escapestringchar/package.json
177 verbose installManyTop reading scoped package data from /Users/thibbard/Documents/desktop backup/dev/nodeTest1/node_modules/lodash._getnative/package.json
178 verbose installManyTop reading scoped package data from /Users/thibbard/Documents/desktop backup/dev/nodeTest1/node_modules/lodash._htmlescapes/package.json
179 verbose installManyTop reading scoped package data from /Users/thibbard/Documents/desktop backup/dev/nodeTest1/node_modules/lodash._isiterateecall/package.json
180 verbose installManyTop reading scoped package data from /Users/thibbard/Documents/desktop backup/dev/nodeTest1/node_modules/lodash._isnative/package.json
181 verbose installManyTop reading scoped package data from /Users/thibbard/Documents/desktop backup/dev/nodeTest1/node_modules/lodash._objecttypes/package.json
182 verbose installManyTop reading scoped package data from /Users/thibbard/Documents/desktop backup/dev/nodeTest1/node_modules/lodash._reescape/package.json
183 verbose installManyTop reading scoped package data from /Users/thibbard/Documents/desktop backup/dev/nodeTest1/node_modules/lodash._reevaluate/package.json
184 verbose installManyTop reading scoped package data from /Users/thibbard/Documents/desktop backup/dev/nodeTest1/node_modules/lodash._reinterpolate/package.json
185 verbose installManyTop reading scoped package data from /Users/thibbard/Documents/desktop backup/dev/nodeTest1/node_modules/lodash._reunescapedhtml/package.json
186 verbose installManyTop reading scoped package data from /Users/thibbard/Documents/desktop backup/dev/nodeTest1/node_modules/lodash._shimkeys/package.json
187 verbose installManyTop reading scoped package data from /Users/thibbard/Documents/desktop backup/dev/nodeTest1/node_modules/lodash.defaults/package.json
188 verbose installManyTop reading scoped package data from /Users/thibbard/Documents/desktop backup/dev/nodeTest1/node_modules/lodash.escape/package.json
189 verbose installManyTop reading scoped package data from /Users/thibbard/Documents/desktop backup/dev/nodeTest1/node_modules/lodash.isarguments/package.json
190 verbose installManyTop reading scoped package data from /Users/thibbard/Documents/desktop backup/dev/nodeTest1/node_modules/lodash.isarray/package.json
191 verbose installManyTop reading scoped package data from /Users/thibbard/Documents/desktop backup/dev/nodeTest1/node_modules/lodash.isobject/package.json
192 verbose installManyTop reading scoped package data from /Users/thibbard/Documents/desktop backup/dev/nodeTest1/node_modules/lodash.keys/package.json
193 verbose installManyTop reading scoped package data from /Users/thibbard/Documents/desktop backup/dev/nodeTest1/node_modules/lodash.restparam/package.json
194 verbose installManyTop reading scoped package data from /Users/thibbard/Documents/desktop backup/dev/nodeTest1/node_modules/lodash.template/package.json
195 verbose installManyTop reading scoped package data from /Users/thibbard/Documents/desktop backup/dev/nodeTest1/node_modules/lodash.templatesettings/package.json
196 verbose installManyTop reading scoped package data from /Users/thibbard/Documents/desktop backup/dev/nodeTest1/node_modules/lodash.values/package.json
197 verbose installManyTop reading scoped package data from /Users/thibbard/Documents/desktop backup/dev/nodeTest1/node_modules/longest/package.json
198 verbose installManyTop reading scoped package data from /Users/thibbard/Documents/desktop backup/dev/nodeTest1/node_modules/loud-rejection/package.json
199 verbose installManyTop reading scoped package data from /Users/thibbard/Documents/desktop backup/dev/nodeTest1/node_modules/lru-cache/package.json
200 verbose installManyTop reading scoped package data from /Users/thibbard/Documents/desktop backup/dev/nodeTest1/node_modules/map-obj/package.json
201 verbose installManyTop reading scoped package data from /Users/thibbard/Documents/desktop backup/dev/nodeTest1/node_modules/map-stream/package.json
202 verbose installManyTop reading scoped package data from /Users/thibbard/Documents/desktop backup/dev/nodeTest1/node_modules/md5-hex/package.json
203 verbose installManyTop reading scoped package data from /Users/thibbard/Documents/desktop backup/dev/nodeTest1/node_modules/md5-o-matic/package.json
204 verbose installManyTop reading scoped package data from /Users/thibbard/Documents/desktop backup/dev/nodeTest1/node_modules/media-typer/package.json
205 verbose installManyTop reading scoped package data from /Users/thibbard/Documents/desktop backup/dev/nodeTest1/node_modules/meow/package.json
206 verbose installManyTop reading scoped package data from /Users/thibbard/Documents/desktop backup/dev/nodeTest1/node_modules/merge-descriptors/package.json
207 verbose installManyTop reading scoped package data from /Users/thibbard/Documents/desktop backup/dev/nodeTest1/node_modules/merge-stream/package.json
208 verbose installManyTop reading scoped package data from /Users/thibbard/Documents/desktop backup/dev/nodeTest1/node_modules/method-override/package.json
209 verbose installManyTop reading scoped package data from /Users/thibbard/Documents/desktop backup/dev/nodeTest1/node_modules/methods/package.json
210 verbose installManyTop reading scoped package data from /Users/thibbard/Documents/desktop backup/dev/nodeTest1/node_modules/mime/package.json
211 verbose installManyTop reading scoped package data from /Users/thibbard/Documents/desktop backup/dev/nodeTest1/node_modules/mime-db/package.json
212 verbose installManyTop reading scoped package data from /Users/thibbard/Documents/desktop backup/dev/nodeTest1/node_modules/mime-types/package.json
213 verbose installManyTop reading scoped package data from /Users/thibbard/Documents/desktop backup/dev/nodeTest1/node_modules/minimatch/package.json
214 verbose installManyTop reading scoped package data from /Users/thibbard/Documents/desktop backup/dev/nodeTest1/node_modules/minimist/package.json
215 verbose installManyTop reading scoped package data from /Users/thibbard/Documents/desktop backup/dev/nodeTest1/node_modules/mkdirp/package.json
216 verbose installManyTop reading scoped package data from /Users/thibbard/Documents/desktop backup/dev/nodeTest1/node_modules/morgan/package.json
217 verbose installManyTop reading scoped package data from /Users/thibbard/Documents/desktop backup/dev/nodeTest1/node_modules/mout/package.json
218 verbose installManyTop reading scoped package data from /Users/thibbard/Documents/desktop backup/dev/nodeTest1/node_modules/ms/package.json
219 verbose installManyTop reading scoped package data from /Users/thibbard/Documents/desktop backup/dev/nodeTest1/node_modules/multer/package.json
220 verbose installManyTop reading scoped package data from /Users/thibbard/Documents/desktop backup/dev/nodeTest1/node_modules/multimatch/package.json
221 verbose installManyTop reading scoped package data from /Users/thibbard/Documents/desktop backup/dev/nodeTest1/node_modules/multiparty/package.json
222 verbose installManyTop reading scoped package data from /Users/thibbard/Documents/desktop backup/dev/nodeTest1/node_modules/multipipe/package.json
223 verbose installManyTop reading scoped package data from /Users/thibbard/Documents/desktop backup/dev/nodeTest1/node_modules/negotiator/package.json
224 verbose installManyTop reading scoped package data from /Users/thibbard/Documents/desktop backup/dev/nodeTest1/node_modules/ng-dependencies/package.json
225 verbose installManyTop reading scoped package data from /Users/thibbard/Documents/desktop backup/dev/nodeTest1/node_modules/nopt/package.json
226 verbose installManyTop reading scoped package data from /Users/thibbard/Documents/desktop backup/dev/nodeTest1/node_modules/noptify/package.json
227 verbose installManyTop reading scoped package data from /Users/thibbard/Documents/desktop backup/dev/nodeTest1/node_modules/normalize-package-data/package.json
228 verbose installManyTop reading scoped package data from /Users/thibbard/Documents/desktop backup/dev/nodeTest1/node_modules/number-is-nan/package.json
229 verbose installManyTop reading scoped package data from /Users/thibbard/Documents/desktop backup/dev/nodeTest1/node_modules/object-assign/package.json
230 verbose installManyTop reading scoped package data from /Users/thibbard/Documents/desktop backup/dev/nodeTest1/node_modules/object-get/package.json
231 verbose installManyTop reading scoped package data from /Users/thibbard/Documents/desktop backup/dev/nodeTest1/node_modules/object-tools/package.json
232 verbose installManyTop reading scoped package data from /Users/thibbard/Documents/desktop backup/dev/nodeTest1/node_modules/on-finished/package.json
233 verbose installManyTop reading scoped package data from /Users/thibbard/Documents/desktop backup/dev/nodeTest1/node_modules/on-headers/package.json
234 verbose installManyTop reading scoped package data from /Users/thibbard/Documents/desktop backup/dev/nodeTest1/node_modules/once/package.json
235 verbose installManyTop reading scoped package data from /Users/thibbard/Documents/desktop backup/dev/nodeTest1/node_modules/onetime/package.json
236 verbose installManyTop reading scoped package data from /Users/thibbard/Documents/desktop backup/dev/nodeTest1/node_modules/open/package.json
237 verbose installManyTop reading scoped package data from /Users/thibbard/Documents/desktop backup/dev/nodeTest1/node_modules/optimist/package.json
238 verbose installManyTop reading scoped package data from /Users/thibbard/Documents/desktop backup/dev/nodeTest1/node_modules/orchestrator/package.json
239 verbose installManyTop reading scoped package data from /Users/thibbard/Documents/desktop backup/dev/nodeTest1/node_modules/ordered-read-streams/package.json
240 verbose installManyTop reading scoped package data from /Users/thibbard/Documents/desktop backup/dev/nodeTest1/node_modules/os-homedir/package.json
241 verbose installManyTop reading scoped package data from /Users/thibbard/Documents/desktop backup/dev/nodeTest1/node_modules/os-tmpdir/package.json
242 verbose installManyTop reading scoped package data from /Users/thibbard/Documents/desktop backup/dev/nodeTest1/node_modules/osenv/package.json
243 verbose installManyTop reading scoped package data from /Users/thibbard/Documents/desktop backup/dev/nodeTest1/node_modules/parse-json/package.json
244 verbose installManyTop reading scoped package data from /Users/thibbard/Documents/desktop backup/dev/nodeTest1/node_modules/parseurl/package.json
245 verbose installManyTop reading scoped package data from /Users/thibbard/Documents/desktop backup/dev/nodeTest1/node_modules/path-exists/package.json
246 verbose installManyTop reading scoped package data from /Users/thibbard/Documents/desktop backup/dev/nodeTest1/node_modules/path-is-absolute/package.json
247 verbose installManyTop reading scoped package data from /Users/thibbard/Documents/desktop backup/dev/nodeTest1/node_modules/path-to-regexp/package.json
248 verbose installManyTop reading scoped package data from /Users/thibbard/Documents/desktop backup/dev/nodeTest1/node_modules/path-type/package.json
249 verbose installManyTop reading scoped package data from /Users/thibbard/Documents/desktop backup/dev/nodeTest1/node_modules/pause/package.json
250 verbose installManyTop reading scoped package data from /Users/thibbard/Documents/desktop backup/dev/nodeTest1/node_modules/pause-stream/package.json
251 verbose installManyTop reading scoped package data from /Users/thibbard/Documents/desktop backup/dev/nodeTest1/node_modules/pify/package.json
252 verbose installManyTop reading scoped package data from /Users/thibbard/Documents/desktop backup/dev/nodeTest1/node_modules/pinkie/package.json
253 verbose installManyTop reading scoped package data from /Users/thibbard/Documents/desktop backup/dev/nodeTest1/node_modules/pinkie-promise/package.json
254 verbose installManyTop reading scoped package data from /Users/thibbard/Documents/desktop backup/dev/nodeTest1/node_modules/pretty-hrtime/package.json
255 verbose installManyTop reading scoped package data from /Users/thibbard/Documents/desktop backup/dev/nodeTest1/node_modules/process-nextick-args/package.json
256 verbose installManyTop reading scoped package data from /Users/thibbard/Documents/desktop backup/dev/nodeTest1/node_modules/propprop/package.json
257 verbose installManyTop reading scoped package data from /Users/thibbard/Documents/desktop backup/dev/nodeTest1/node_modules/proto-list/package.json
258 verbose installManyTop reading scoped package data from /Users/thibbard/Documents/desktop backup/dev/nodeTest1/node_modules/proxy-addr/package.json
259 verbose installManyTop reading scoped package data from /Users/thibbard/Documents/desktop backup/dev/nodeTest1/node_modules/proxy-middleware/package.json
260 verbose installManyTop reading scoped package data from /Users/thibbard/Documents/desktop backup/dev/nodeTest1/node_modules/pseudomap/package.json
261 verbose installManyTop reading scoped package data from /Users/thibbard/Documents/desktop backup/dev/nodeTest1/node_modules/q/package.json
262 verbose installManyTop reading scoped package data from /Users/thibbard/Documents/desktop backup/dev/nodeTest1/node_modules/qs/package.json
263 verbose installManyTop reading scoped package data from /Users/thibbard/Documents/desktop backup/dev/nodeTest1/node_modules/range-parser/package.json
264 verbose installManyTop reading scoped package data from /Users/thibbard/Documents/desktop backup/dev/nodeTest1/node_modules/raw-body/package.json
265 verbose installManyTop reading scoped package data from /Users/thibbard/Documents/desktop backup/dev/nodeTest1/node_modules/read-pkg/package.json
266 verbose installManyTop reading scoped package data from /Users/thibbard/Documents/desktop backup/dev/nodeTest1/node_modules/read-pkg-up/package.json
267 verbose installManyTop reading scoped package data from /Users/thibbard/Documents/desktop backup/dev/nodeTest1/node_modules/readable-stream/package.json
268 verbose installManyTop reading scoped package data from /Users/thibbard/Documents/desktop backup/dev/nodeTest1/node_modules/rechoir/package.json
269 verbose installManyTop reading scoped package data from /Users/thibbard/Documents/desktop backup/dev/nodeTest1/node_modules/redent/package.json
270 verbose installManyTop reading scoped package data from /Users/thibbard/Documents/desktop backup/dev/nodeTest1/node_modules/repeat-string/package.json
271 verbose installManyTop reading scoped package data from /Users/thibbard/Documents/desktop backup/dev/nodeTest1/node_modules/repeating/package.json
272 verbose installManyTop reading scoped package data from /Users/thibbard/Documents/desktop backup/dev/nodeTest1/node_modules/replace-ext/package.json
273 verbose installManyTop reading scoped package data from /Users/thibbard/Documents/desktop backup/dev/nodeTest1/node_modules/resolve/package.json
274 verbose installManyTop reading scoped package data from /Users/thibbard/Documents/desktop backup/dev/nodeTest1/node_modules/response-time/package.json
275 verbose installManyTop reading scoped package data from /Users/thibbard/Documents/desktop backup/dev/nodeTest1/node_modules/right-align/package.json
276 verbose installManyTop reading scoped package data from /Users/thibbard/Documents/desktop backup/dev/nodeTest1/node_modules/rimraf/package.json
277 verbose installManyTop reading scoped package data from /Users/thibbard/Documents/desktop backup/dev/nodeTest1/node_modules/run-sequence/package.json
278 verbose installManyTop reading scoped package data from /Users/thibbard/Documents/desktop backup/dev/nodeTest1/node_modules/scmp/package.json
279 verbose installManyTop reading scoped package data from /Users/thibbard/Documents/desktop backup/dev/nodeTest1/node_modules/semver/package.json
280 verbose installManyTop reading scoped package data from /Users/thibbard/Documents/desktop backup/dev/nodeTest1/node_modules/send/package.json
281 verbose installManyTop reading scoped package data from /Users/thibbard/Documents/desktop backup/dev/nodeTest1/node_modules/sequencify/package.json
282 verbose installManyTop reading scoped package data from /Users/thibbard/Documents/desktop backup/dev/nodeTest1/node_modules/serve-favicon/package.json
283 verbose installManyTop reading scoped package data from /Users/thibbard/Documents/desktop backup/dev/nodeTest1/node_modules/serve-index/package.json
284 verbose installManyTop reading scoped package data from /Users/thibbard/Documents/desktop backup/dev/nodeTest1/node_modules/serve-static/package.json
285 verbose installManyTop reading scoped package data from /Users/thibbard/Documents/desktop backup/dev/nodeTest1/node_modules/set-immediate-shim/package.json
286 verbose installManyTop reading scoped package data from /Users/thibbard/Documents/desktop backup/dev/nodeTest1/node_modules/sigmund/package.json
287 verbose installManyTop reading scoped package data from /Users/thibbard/Documents/desktop backup/dev/nodeTest1/node_modules/signal-exit/package.json
288 verbose installManyTop reading scoped package data from /Users/thibbard/Documents/desktop backup/dev/nodeTest1/node_modules/sort-array/package.json
289 verbose installManyTop reading scoped package data from /Users/thibbard/Documents/desktop backup/dev/nodeTest1/node_modules/source-map/package.json
290 verbose installManyTop reading scoped package data from /Users/thibbard/Documents/desktop backup/dev/nodeTest1/node_modules/sparkles/package.json
291 verbose installManyTop reading scoped package data from /Users/thibbard/Documents/desktop backup/dev/nodeTest1/node_modules/spdx-correct/package.json
292 verbose installManyTop reading scoped package data from /Users/thibbard/Documents/desktop backup/dev/nodeTest1/node_modules/spdx-exceptions/package.json
293 verbose installManyTop reading scoped package data from /Users/thibbard/Documents/desktop backup/dev/nodeTest1/node_modules/spdx-expression-parse/package.json
294 verbose installManyTop reading scoped package data from /Users/thibbard/Documents/desktop backup/dev/nodeTest1/node_modules/spdx-license-ids/package.json
295 verbose installManyTop reading scoped package data from /Users/thibbard/Documents/desktop backup/dev/nodeTest1/node_modules/split/package.json
296 verbose installManyTop reading scoped package data from /Users/thibbard/Documents/desktop backup/dev/nodeTest1/node_modules/statuses/package.json
297 verbose installManyTop reading scoped package data from /Users/thibbard/Documents/desktop backup/dev/nodeTest1/node_modules/stream-combiner/package.json
298 verbose installManyTop reading scoped package data from /Users/thibbard/Documents/desktop backup/dev/nodeTest1/node_modules/stream-connect/package.json
299 verbose installManyTop reading scoped package data from /Users/thibbard/Documents/desktop backup/dev/nodeTest1/node_modules/stream-consume/package.json
300 verbose installManyTop reading scoped package data from /Users/thibbard/Documents/desktop backup/dev/nodeTest1/node_modules/stream-counter/package.json
301 verbose installManyTop reading scoped package data from /Users/thibbard/Documents/desktop backup/dev/nodeTest1/node_modules/stream-log-stats/package.json
302 verbose installManyTop reading scoped package data from /Users/thibbard/Documents/desktop backup/dev/nodeTest1/node_modules/stream-via/package.json
303 verbose installManyTop reading scoped package data from /Users/thibbard/Documents/desktop backup/dev/nodeTest1/node_modules/string_decoder/package.json
304 verbose installManyTop reading scoped package data from /Users/thibbard/Documents/desktop backup/dev/nodeTest1/node_modules/strip-ansi/package.json
305 verbose installManyTop reading scoped package data from /Users/thibbard/Documents/desktop backup/dev/nodeTest1/node_modules/strip-bom/package.json
306 verbose installManyTop reading scoped package data from /Users/thibbard/Documents/desktop backup/dev/nodeTest1/node_modules/strip-indent/package.json
307 verbose installManyTop reading scoped package data from /Users/thibbard/Documents/desktop backup/dev/nodeTest1/node_modules/supports-color/package.json
308 verbose installManyTop reading scoped package data from /Users/thibbard/Documents/desktop backup/dev/nodeTest1/node_modules/test-value/package.json
309 verbose installManyTop reading scoped package data from /Users/thibbard/Documents/desktop backup/dev/nodeTest1/node_modules/through/package.json
310 verbose installManyTop reading scoped package data from /Users/thibbard/Documents/desktop backup/dev/nodeTest1/node_modules/through2/package.json
311 verbose installManyTop reading scoped package data from /Users/thibbard/Documents/desktop backup/dev/nodeTest1/node_modules/through2-filter/package.json
312 verbose installManyTop reading scoped package data from /Users/thibbard/Documents/desktop backup/dev/nodeTest1/node_modules/tildify/package.json
313 verbose installManyTop reading scoped package data from /Users/thibbard/Documents/desktop backup/dev/nodeTest1/node_modules/tiny-lr/package.json
314 verbose installManyTop reading scoped package data from /Users/thibbard/Documents/desktop backup/dev/nodeTest1/node_modules/toposort/package.json
315 verbose installManyTop reading scoped package data from /Users/thibbard/Documents/desktop backup/dev/nodeTest1/node_modules/trim-newlines/package.json
316 verbose installManyTop reading scoped package data from /Users/thibbard/Documents/desktop backup/dev/nodeTest1/node_modules/type-is/package.json
317 verbose installManyTop reading scoped package data from /Users/thibbard/Documents/desktop backup/dev/nodeTest1/node_modules/typical/package.json
318 verbose installManyTop reading scoped package data from /Users/thibbard/Documents/desktop backup/dev/nodeTest1/node_modules/uglify-js/package.json
319 verbose installManyTop reading scoped package data from /Users/thibbard/Documents/desktop backup/dev/nodeTest1/node_modules/uglify-save-license/package.json
320 verbose installManyTop reading scoped package data from /Users/thibbard/Documents/desktop backup/dev/nodeTest1/node_modules/uglify-to-browserify/package.json
321 verbose installManyTop reading scoped package data from /Users/thibbard/Documents/desktop backup/dev/nodeTest1/node_modules/uid2/package.json
322 verbose installManyTop reading scoped package data from /Users/thibbard/Documents/desktop backup/dev/nodeTest1/node_modules/unique-stream/package.json
323 verbose installManyTop reading scoped package data from /Users/thibbard/Documents/desktop backup/dev/nodeTest1/node_modules/unpipe/package.json
324 verbose installManyTop reading scoped package data from /Users/thibbard/Documents/desktop backup/dev/nodeTest1/node_modules/user-home/package.json
325 verbose installManyTop reading scoped package data from /Users/thibbard/Documents/desktop backup/dev/nodeTest1/node_modules/util/package.json
326 verbose installManyTop reading scoped package data from /Users/thibbard/Documents/desktop backup/dev/nodeTest1/node_modules/util-deprecate/package.json
327 verbose installManyTop reading scoped package data from /Users/thibbard/Documents/desktop backup/dev/nodeTest1/node_modules/utils-merge/package.json
328 verbose installManyTop reading scoped package data from /Users/thibbard/Documents/desktop backup/dev/nodeTest1/node_modules/v8flags/package.json
329 verbose installManyTop reading scoped package data from /Users/thibbard/Documents/desktop backup/dev/nodeTest1/node_modules/validate-npm-package-license/package.json
330 verbose installManyTop reading scoped package data from /Users/thibbard/Documents/desktop backup/dev/nodeTest1/node_modules/vary/package.json
331 verbose installManyTop reading scoped package data from /Users/thibbard/Documents/desktop backup/dev/nodeTest1/node_modules/vhost/package.json
332 verbose installManyTop reading scoped package data from /Users/thibbard/Documents/desktop backup/dev/nodeTest1/node_modules/vinyl/package.json
333 verbose installManyTop reading scoped package data from /Users/thibbard/Documents/desktop backup/dev/nodeTest1/node_modules/vinyl-bufferstream/package.json
334 verbose installManyTop reading scoped package data from /Users/thibbard/Documents/desktop backup/dev/nodeTest1/node_modules/vinyl-fs/package.json
335 verbose installManyTop reading scoped package data from /Users/thibbard/Documents/desktop backup/dev/nodeTest1/node_modules/vinyl-sourcemaps-apply/package.json
336 verbose installManyTop reading scoped package data from /Users/thibbard/Documents/desktop backup/dev/nodeTest1/node_modules/which/package.json
337 verbose installManyTop reading scoped package data from /Users/thibbard/Documents/desktop backup/dev/nodeTest1/node_modules/window-size/package.json
338 verbose installManyTop reading scoped package data from /Users/thibbard/Documents/desktop backup/dev/nodeTest1/node_modules/wiredep/package.json
339 verbose installManyTop reading scoped package data from /Users/thibbard/Documents/desktop backup/dev/nodeTest1/node_modules/wordwrap/package.json
340 verbose installManyTop reading scoped package data from /Users/thibbard/Documents/desktop backup/dev/nodeTest1/node_modules/wordwrapjs/package.json
341 verbose installManyTop reading scoped package data from /Users/thibbard/Documents/desktop backup/dev/nodeTest1/node_modules/wrappy/package.json
342 verbose installManyTop reading scoped package data from /Users/thibbard/Documents/desktop backup/dev/nodeTest1/node_modules/xtend/package.json
343 verbose installManyTop reading scoped package data from /Users/thibbard/Documents/desktop backup/dev/nodeTest1/node_modules/yargs/package.json
344 info package.json batch@0.5.2 No license field.
345 info package.json bower-config@0.5.2 No license field.
346 info package.json buffer-crc32@0.2.1 No license field.
347 info package.json bufferstreams@1.0.1 No license field.
348 info package.json common-log-format@0.1.3 No license field.
349 info package.json config-chain@1.1.9 No license field.
350 info package.json connect-livereload@0.3.2 No license field.
351 info package.json console-dope@0.3.6 No license field.
352 info package.json cookie-parser@1.1.0 No license field.
353 info package.json deprecated@0.0.1 No license field.
354 info package.json duplexer@0.1.1 No license field.
355 info package.json duplexer2@0.0.2 license should be a valid SPDX license expression
356 info package.json esprima@1.2.5 No license field.
357 info package.json estraverse@1.9.3 No license field.
358 info package.json faye-websocket@0.4.4 'repositories' (plural) Not supported. Please pick one as the 'repository' field
359 info package.json faye-websocket@0.4.4 No license field.
360 info package.json findup-sync@0.3.0 No license field.
361 info package.json flagged-respawn@0.3.1 No license field.
362 info package.json gaze@0.5.2 No license field.
363 info package.json glob-stream@3.1.18 No license field.
364 info package.json glob-watcher@0.0.6 No license field.
365 info package.json glob2base@0.0.12 No license field.
366 info package.json globule@0.1.0 No license field.
367 info package.json gulp-inject@3.0.0 No license field.
368 info package.json gulp-rename@1.2.2 No license field.
369 info package.json http@0.0.0 http is also the name of a node core module.
370 info package.json http@0.0.0 No description
371 info package.json http@0.0.0 No repository field.
372 info package.json is-absolute@0.1.7 license should be a valid SPDX license expression
373 info package.json is-relative@0.1.3 No license field.
374 info package.json is-utf8@0.2.0 license should be a valid SPDX license expression
375 info package.json longest@1.0.1 license should be a valid SPDX license expression
376 info package.json map-stream@0.1.0 No license field.
377 info package.json md5-o-matic@0.1.1 No license field.
378 info package.json mime@1.3.4 No license field.
379 info package.json mout@0.9.1 No license field.
380 info package.json ms@0.7.1 No license field.
381 info package.json noptify@0.0.3 No license field.
382 info package.json optimist@0.6.1 license should be a valid SPDX license expression
383 info package.json orchestrator@0.3.7 No license field.
384 info package.json osenv@0.0.3 license should be a valid SPDX license expression
385 info package.json pause@0.0.1 No repository field.
386 info package.json pause@0.0.1 No license field.
387 info package.json pause-stream@0.0.11 license should be a valid SPDX license expression
388 info package.json propprop@0.3.0 No license field.
389 info package.json q@1.4.1 license should be a valid SPDX license expression
390 info package.json rechoir@0.6.2 No license field.
391 info package.json repeat-string@1.5.2 license should be a valid SPDX license expression
392 info package.json replace-ext@0.0.1 No license field.
393 info package.json scmp@0.0.3 license should be a valid SPDX license expression
394 info package.json sequencify@0.0.7 No license field.
395 info package.json stream-counter@0.2.0 license should be a valid SPDX license expression
396 info package.json string_decoder@0.10.31 string_decoder is also the name of a node core module.
397 info package.json tiny-lr@0.0.7 No license field.
398 info package.json uglify-save-license@0.4.1 No license field.
399 info package.json uid2@0.0.3 No repository field.
400 info package.json uid2@0.0.3 No license field.
401 info package.json unique-stream@1.0.0 license should be a valid SPDX license expression
402 info package.json util@0.10.3 util is also the name of a node core module.
403 info package.json utils-merge@1.0.0 No license field.
404 info package.json v8flags@2.0.10 No license field.
405 info package.json vinyl-bufferstream@1.0.1 No license field.
406 info package.json vinyl-fs@0.3.14 No license field.
407 info package.json window-size@0.1.0 No license field.
408 info package.json wiredep@2.2.2 No license field.
409 info package.json wordwrap@0.0.2 license should be a valid SPDX license expression
410 verbose readDependencies loading dependencies from /Users/thibbard/Documents/desktop backup/dev/nodeTest1/package.json
411 silly cache add args [ 'jade', null ]
412 verbose cache add spec jade
413 silly cache add parsed spec Result {
413 silly cache add   raw: 'jade',
413 silly cache add   scope: null,
413 silly cache add   name: 'jade',
413 silly cache add   rawSpec: '',
413 silly cache add   spec: '*',
413 silly cache add   type: 'range' }
414 silly addNamed jade@*
415 verbose addNamed "*" is a valid semver range for jade
416 silly addNameRange { name: 'jade', range: '*', hasData: false }
417 silly mapToRegistry name jade
418 silly mapToRegistry using default registry
419 silly mapToRegistry registry http://vault.cnvrmedia.net/nexus/content/groups/npm-all/
420 silly mapToRegistry uri http://vault.cnvrmedia.net/nexus/content/groups/npm-all/jade
421 verbose addNameRange registry:http://vault.cnvrmedia.net/nexus/content/groups/npm-all/jade not in flight; fetching
422 verbose request uri http://vault.cnvrmedia.net/nexus/content/groups/npm-all/jade
423 verbose request no auth needed
424 info attempt registry request try #1 at 8:34:28 PM
425 verbose request id 2ee0e823d1606f21
426 http request GET http://vault.cnvrmedia.net/nexus/content/groups/npm-all/jade
427 info retry will retry, error on last attempt: Error: getaddrinfo ENOTFOUND vault.cnvrmedia.net vault.cnvrmedia.net:80
428 info attempt registry request try #2 at 8:35:08 PM
429 http request GET http://vault.cnvrmedia.net/nexus/content/groups/npm-all/jade
430 info retry will retry, error on last attempt: Error: getaddrinfo ENOTFOUND vault.cnvrmedia.net vault.cnvrmedia.net:80
431 info attempt registry request try #3 at 8:36:38 PM
432 http request GET http://vault.cnvrmedia.net/nexus/content/groups/npm-all/jade
433 verbose stack Error: getaddrinfo ENOTFOUND vault.cnvrmedia.net vault.cnvrmedia.net:80
433 verbose stack     at errnoException (dns.js:26:10)
433 verbose stack     at GetAddrInfoReqWrap.onlookup [as oncomplete] (dns.js:77:26)
434 verbose cwd /Users/thibbard/Documents/desktop backup/dev/nodeTest1
435 error Darwin 14.1.0
436 error argv "/usr/local/bin/node" "/usr/local/bin/npm" "install" "--save" "jade"
437 error node v4.2.2
438 error npm  v2.14.7
439 error code ENOTFOUND
440 error errno ENOTFOUND
441 error syscall getaddrinfo
442 error network getaddrinfo ENOTFOUND vault.cnvrmedia.net vault.cnvrmedia.net:80
442 error network This is most likely not a problem with npm itself
442 error network and is related to network connectivity.
442 error network In most cases you are behind a proxy or have bad network settings.
442 error network
442 error network If you are behind a proxy, please make sure that the
442 error network 'proxy' config is set properly.  See: 'npm help config'
443 verbose exit [ 1, true ]
